<?xml version="1.0" encoding="UTF-8"?>
<testng-results ignored="0" total="1" passed="1" failed="0" skipped="0">
  <reporter-output>
  </reporter-output>
  <suite started-at="2018-10-16T02:34:59Z" name="Parallel" finished-at="2018-10-16T02:35:43Z" duration-ms="43474">
    <groups>
    </groups>
    <test started-at="2018-10-16T02:34:59Z" name="AndroidTest" finished-at="2018-10-16T02:35:43Z" duration-ms="43474">
      <class name="demo.FreeForminit">
        <test-method is-config="true" signature="setUp(java.lang.String, java.lang.String)[pri:0, instance:demo.FreeForminit@53aac487]" started-at="2018-10-16T02:34:59Z" name="setUp" finished-at="2018-10-16T02:35:06Z" duration-ms="7257" status="PASS">
          <params>
            <param index="0">
              <value>
                <![CDATA[single.conf.json]]>
              </value>
            </param>
            <param index="1">
              <value>
                <![CDATA[Android]]>
              </value>
            </param>
          </params>
          <reporter-output>
          </reporter-output>
        </test-method> <!-- setUp -->
        <test-method signature="Signin()[pri:0, instance:demo.FreeForminit@53aac487]" started-at="2018-10-16T02:35:06Z" name="Signin" finished-at="2018-10-16T02:35:42Z" duration-ms="35476" status="PASS">
          <reporter-output>
          </reporter-output>
        </test-method> <!-- Signin -->
        <test-method is-config="true" signature="tearDown()[pri:0, instance:demo.FreeForminit@53aac487]" started-at="2018-10-16T02:35:42Z" name="tearDown" finished-at="2018-10-16T02:35:43Z" duration-ms="718" status="PASS">
          <reporter-output>
          </reporter-output>
        </test-method> <!-- tearDown -->
      </class> <!-- demo.FreeForminit -->
    </test> <!-- AndroidTest -->
  </suite> <!-- Parallel -->
</testng-results>
